2147483457
2147476292
2114420315
2147361509
2147476292
2147483457
2145912777
2147483457
2147483457
2147476292
2146066922
2147476292
2147476292
2147467594
2147483457
2147476292
2147483457
2147387554
2147483457
2147361509
2147483457
2147476292
2147483457
2147483457
2144472588
2147483457
2147467594
2147476292
2147483457
2147483457
2147483457
2146375351
1760012268
2147476292
2147483457
979359836
2146980859
2140934403
2147483457
2147483457
2146980859
2147268880
2147467594
2147476292
2147476292
2147483457
2147483457
2144068008
2147476292
2147467594
2147483457
2147476292
2137197085
2147483457
2147483457
2147361509
2147483457
2147466840
2147476292
2147483457
2147268880
2140056570
2147483457
2147483457
2147467594
2147483457
2146362847
2147483457
2147476292
2147483457
2147483457
2147268880
2147476292
2146925071
2146684232
2147268880
2147476292
2147483457
2147483457
2147415691
2147361509
2144472588
2147476292
2147476292
2147476292
2147483457
2147268880
2141415179
2147476292
2140774345
2147476292
2147483457
2147483457
2147476292
2147466840
2147483457
2147361509
2147483457
2147415691
2145912777
2147483457
2147268880
2147483457
2147483457
2147483457
2147483457
2140019183
2147476292
2147476292
2147268880
2147476292
2147476292
2146066922
2147483457
1973628693
2146684232
2147476292
2142265681
2147415691
2147467594
2146925071
2147483457
2140039152
2145354246
2147361509
2147476292
2147483457
2147483457
2146066922
2147483457
2147476292
2147268880
2147483457
2147476292
2147483457
2147476292
2147006220
2147476292
2147476292
2145112636
2147476292
2147483457
2147483457
2018416042
2147476292
2147483457
2147476292
2147483457
2146066922
1655169117
2147476292
2147476292
2147483457
2147467594
2147476292
2147361509
2147109275
2147483457
2147483457
2011431460
2146860451
2114841163
2143345540
2145912777
2147268880
2146026603
2139081782
2147483457
2147483457
2146648627
2147483457
2147476292
2147476292
2147476292
2147483457
2147476292
2147268880
2145912777
2147361509
2147483457
2147467594
2147415691
2147476292
2147483457
2147483457
2147476292
2147483457
2147476292
2147483457
2144068008
2147476292
2147483457
2147476292
2147476292
2147483457
1862543701
2147483457
2147483457
2147274013
2147476292
2145644775
2147139302
2147091547
2098071892
2147476292
2138283237
2147476292
2145644775
2144970195
2147483457
2126919052
2147361509
2147483457
2147483457
2146980859
2147483457
2130751083
2147466840
2147483457
2147483457
2147476292
2147483457
2147483457
2140210294
2146066922
1647221959
2147476292
2147483457
2147476292
2079150775
2009396628
2147415691
2147268880
2146630115
2147483457
2147483457
2147483457
2147476292
2147483457
2145112636
2147476292
2147466840
2147483457
2147268880
2147483457
2147476292
2147483457
2147467594
2147476292
2147274013
2147476292
2147483457
2147476292
2147476292
2127274323
2137197085
2147483457
2147467594
2146684232
2147274013
2147483457
2147476292
2147483457
2147466840
2147483457
2147476292
2147476292
2147467594
2147467594
2147268880
2147483457
2147483457
2135803980
2147483457
2090093761
2147483457
2147476292
2147476292
2147483457
2147483457
2146648627
2147476292
2147483457
2147483457
2147476292
2135336028
2147483457
2147483457
2147415691
2147483457
2147483457
2147466840
2147476292
2072882704
2147483457
2147274013
2146980859
2147467594
2022773705
2145912777
2147466840
2147483457
2147483457
2135202325
2147483457
2147483457
2147476292
2146066922
2147476292
2147483457
2147476292
2147476292
2147483457
2146980859
2144970195
352278156
2147476292
2098071892
2147483457
2147483457
2147467594
2147467594
2142621142
2147483457
2147483457
2147467594
2147483457
2147476292
2147332455
2146114202
2147476292
2147483457
2147483457
2147006220
2147476292
2147476292
2147476292
2147361509
2147091547
2147466840
2147467594
2147483457
2147361509
2147483457
2140039152
2147476292
2141014432
2147476292
2147483457
2147483457
2147015746
2147483457
2147476292
2147467594
2147483457
2147476292
2147483457
2147476292
2147476292
2147476292
2147476292
2147091547
2147483457
2147483457
2147483457
2147274013
2147476292
2147483457
2147476292
2147483457
2147415691
2147483457
2147483457
2147483457
1976980261
2147483457
2133019101
2145112636
2147476292
2147361509
2147415691
2147476292
2147476292
2147476292
2147483457
2147476292
2147415691
2147483457
2147415691
2140019183
2147476292
2147483457
2125835307
2147483457
2147476292
2147483457
2147483457
2147483457
2147483457
2147483457
2145112636
2147476292
2147476292
2145308792
2147109275
2147476292
2147483457
2118256124
2147483457
2147476292
2147467594
2147476292
2147015746
2147274013
2147415691
2147476292
2144068008
2147467594
2146925071
2147476292
2147467594
2147483457
2140039152
2147476292
2147476292
2147476292
2145644775
2147091547
2147476292
2147476292
2147483457
2147476292
2147476292
2147467594
2147415691
2146925071
2140039152
2147274013
2147415691
2147483457
2146980859
2143345540
1547898443
2145628081
2140019183
2136838760
2147483457
2147268880
2147415691
2147415691
2147476292
2147476292
2147476292
2147467594
2147476292
2145912777
2147483457
2147483457
2147274013
2147467594
2147268880
2147476292
2147361509
2147483457
2147476292
2147476292
2146630115
2147476292
2147483457
2147476292
2146925071
2146066922
2147467594
2146648627
2147467594
2147476292
2147483457
2147483457
1814373199
2147476292
2147476292
2103912952
2145628081
2146925071
2147483457
2147483457
2147467594
2117056164
2146066922
2145644775
2147483457
2141831830
2147467594
2147483457
2147476292
2147483457
2147476292
2090978569
2147476292
2080235882
2147467594
2147476292
2146114202
2147476292
2147415691
2147483457
2137197085
2147476292
2147274013
2140056570
2147006220
2140460561
2147483457
2147483457
2147483457
2147483457
2147476292
2147361509
2147476292
2147476292
2147467594
2147483457
2145454162
2147476292
2147476292
2147467594
2147483457
2147268880
2147483457
2147109275
2147332455
2124154097
2147476292
2147467594
2147211774
2147476292
2147476292
2142443383
2147476292
2147476292
2147476292
2147483457
2142150424
2147483457
2147476292
2147476292
2147476292
2147483457
2145912777
2147415691
2145308792
2147467594
2140039152
2147467594
2146114202
2146860451
2147476292
2147483457
2147483457
2136838760
2147483457
2145912777
2147476292
2147483457
2147483457
2139249324
2144472588
2147476292
2147483457
2147476292
2147268880
2147476292
2058693411
2141831830
2147483457
2147476292
2147476292
2147476292
2147467594
2147476292
2147483457
2147476292
2147476292
2147483457
2147268880
2147476292
2147483457
2147476292
2147274013
2145628081
2147483457
2146066922
2147476292
2147466840
2147211774
2147015746
2147476292
2147483457
2145628081
2147476292
2144068008
2147483457
2147483457
2147476292
2147476292
2147476292
2147467594
2147483457
2147483457
2147483457
2147483457
2147476292
2147476292
2147483457
2147483457
2147466840
2146860451
2147467594
2147483457
2147476292
2147483457
2147483457
2147476292
2147483457
2147476292
2147483457
2147483457
2147476292
2147476292
2147483457
2147483457
2145308792
2147109275
2147476292
2147476292
2147483457
2147483457
2147476292
2147476292
2147476292
2144970195
2147476292
2147476292
2147476292
2144600998
2147483457
2147483457
2140056570
2147483457
2147476292
2147483457
2146026603
2147483457
2147257143
2147476292
2147483457
2147467594
2146980859
2147476292
2147483457
2147415691
2147476292
2147483457
2140039152
2147476292
2147476292
2146066922
2147483457
2147467594
2147467594
2147483457
2147476292
2147483457
2147483457
2147483457
2147483457
2147483457
2147483457
2146684232
2147483457
2146648627
2147415691
2145112636
2147467594
2147476292
2147476292
2147476292
2147139302
2147483457
2147476292
2147483457
2147476292
2143345540
2147483457
2127594891
2147467594
2147467594
2145912777
2147415691
2147476292
2147483457
2147332455
2147476292
2147476292
2147274013
2147476292
2147476292
2147483457
2147483457
2147268880
2147415691
2147415691
2147476292
2147476292
2147476292
2147483457
2147476292
2147476292
2147483457
2147268880
2147467594
2144970195
2146684232
2146066922
2147483457
2147361509
2130751083
2147476292
2147483457
2147476292
2147483457
2147483457
2147476292
2147476292
2147483457
2147268880
2145912777
2147467594
2145912777
2147476292
2140056570
2147467594
2147483457
2147483457
2147476292
2147466840
2147483457
2147483457
2147268880
2147476292
2147483457
2147476292
2147467594
2147476292
2147476292
2147476292
2146860451
2147483457
2147483457
2146066922
2147483457
2147476292
2147483457
2147274013
2147091547
2147274013
2122460335
2147483457
2145308792
2147467594
2147476292
2147476292
2147476292
2147467594
2147476292
2147476292
2147467594
2129837031
2147415691
2147483457
2147483457
2147483457
2144970195
2129382821
2145628081
2147483457
2147476292
2146980859
2147483457
2147109275
2147476292
2147476292
2147476292
2147476292
2147476292
2147476292
2146066922
2146066922
2146860451
2146066922
2147483457
2147476292
2147268880
2147476292
2147476292
2147476292
2147332455
2144068008
2147476292
2146066922
2147476292
2134510541
2147483457
2143078733
2147476292
2144927494
2147467594
2147476292
2145912777
2142150424
2147483457
2147476292
2147483457
2147476292
2147361509
2145644775
2147476292
2147483457
2146684232
2147361509
2147268880
2147091547
2147483457
2145912777
2147361509
2147483457
2147483457
2147476292
2147268880
2146026603
2147483457
2147483457
2147361509
2145628081
2147483457
2146980859
2138283237
2147415691
2147476292
2147476292
2140039152
2118827495
2147268880
2147483457
2147476292
2147476292
2147483457
2145912777
2147483457
2147415691
2147467594
2147467594
2147483457
2147467594
2147483457
2147476292
2147109275
2147476292
2147483457
2147476292
2147324765
2147467594
2147467594
2147415691
2147483457
2140934403
2147467594
2147483457
2124664783
2147476292
2147483457
2147476292
2147483457
2147476292
2147415691
2147483457
2147476292
2147483457
2147476292
2147476292
2147483457
2143078733
2147483457
2147109275
2147476292
2147415691
2147476292
2147483457
2147483457
2147483457
2147483457
2147483457
2147476292
2147483457
2147483457
2147476292
2147483457
2136560117
2147467594
2147483457
2145112636
2147476292
2147415691
2147476292
2145112636
2147476292
2146980859
2147476292
2118460598
2147476292
2147483457
2147483457
2146860451
2147483457
2147476292
2147476292
2147476292
2147483457
2147483457
2147476292
2147274013
2147476292
2147483457
2147467594
2147476292
1756614460
2147483457
2147483457
2146980859
2147483457
2147483457
2147483457
2146066922
2147476292
2147483457
2146860451
2147109275
2147332455
2147467594
2147476292
2147268880
2147476292
2147483457
2147415691
2147476292
2147483457
2147476292
2147483457
2147476292
2147361509
2147476292
2147476292
2147483457
2147476292
2147476292
2147483457
2147476292
2098071892
2147361509
2147476292
2147483457
2147415691
2147361509
2147483457
2147483457
2147483457
2147476292
2147211774
2145308792
2147483457
2147476292
2147361509
1684304326
2147476292
2147415691
2147483457
2147476292
2147415691
2147483457
2147483457
2147361509
2147476292
2147361509
2133909371
2147476292
2147476292
2147483457
2147476292
2147483457
2145628081
2147476292
2147476292
2145912777
2147483457
2134036429
2145912777
2147483457
2147483457
2147476292
2147361509
2147361509
2147476292
2147476292
2147483457
2147476292
2147361509
2147361509
2147483457
2147476292
2146925071
2146684232
2147483457
2133998867
2145912777
2147483457
2146684232
2147476292
2146684232
979359836
2147476292
2144600998
2145454162
2147483457
2147483457
2147467594
2147476292
2147476292
2147483457
2147483457
2147483457
2147476292
2147483457
2147476292
2147415691
2146636344
2147466840
2147476292
2147483457
2147483457
2147361509
2147483457
2147467594
2147483457
2147415691
2147483457
2147476292
2147483457
2147483457
2147476292
2147268880
2147483457
2138283237
2144600998
2145112636
2147483457
2147361509
2147361509
2146925071
2147483457
2147415691
2147476292
2147476292
2147415691
2147476292
2147483457
2147483457
2147361509
2147483457
2147476292
2147483457
2147091547
2147476292
2147483457
2147361509
2147476292
2147415691
2147483457
2147476292
2147476292
2144600998
2147483457
2147483457
2147109275
2147483457
2147483457
2147483457
2147483457
2147467594
2147476292
2147476292
2147476292
2147268880
2146066922
2147332455
2146860451
2147467594
2117056164
2147476292
2147483457
2147415691
2147415691
2147483457
2146925071
2147476292
2147483457
2147466840
2147476292
2145912777
2146636344
2147483457
2147483457
2147361509
2133268820
2147476292
2147476292
2147467594
2147415691
2147483457
2146980859
2147483457
2147467594
2147467594
2147476292
2147274013
2147483457
2147483457
2147483457
2147476292
2147268880
2144472588
2147268880
2147476292
2147361509
2147467594
2147476292
2147476292
2147483457
2147476292
2147483457
2147483457
2147476292
2147483457
2147483457
2147483457
2147476292
2144173143
2145912777
2147361509
2147476292
2147476292
2147476292
2147483457
2098071892
2147361509
2147483457
2125308862
2147476292
2147476292
2146648627
2145912777
2147483457
2147483457
2147476292
2147476292
2147483457
2147483457
2142621142
2145644775
2145112636
2147483457
2147483457
2147483457
2147466840
2147476292
2147415691
2146684232
2147467594
2147483457
2141415179
2145112636
2147476292
2143078733
2147483457
1977045660
2147476292
2147332455
2147476292
2147109275
2147483457
2147467594
2146630115
2147476292
2146066922
2147361509
2147483457
2145628081
2147483457
2147483457
2147467594
2147483457
2147274013
2147476292
2147476292
2140460561
2146066922
2147476292
2118256124
2147483457
2147268880
2147483457
2147476292
2147476292
2147483457
2147361509
2147483457
2147476292
2147483457
2147361509
2147476292
2105648794
2147483457
2146980859
2145912777
2147476292
2144068008
2147091547
2146684232
2147476292
2147483457
1812904179
2144472588
2144173143
2147483457
2147476292
2073700973
2147483457
2147324765
2147483457
2147467594
2147467594
2147483457
2147415691
2147476292
2147476292
2147476292
2146066922
2147483457
2147476292
2147415691
2147476292
2147361509
2147476292
2147476292
2147483457
2145112636
2147483457
2147467594
2140056570
2147476292
2147467594
2146980859
2147361509
2147467594
2146925071
2147483457
2147483457
2147483457
2147268880
2147483457
2147467594
2147483457
2147483457
2147476292
2147476292
2147268880
2147483457
2147476292
2147483457
2147211774
2147466840
2147476292
2147476292
2145133463
2147483457
2147483457
2145628081
2147483457
2147211774
2146066922
2116014559
2147483457
2147361509
2147467594
2147483457
2139085925
2147476292
2147467594
2147483457
2147476292
2147476292
2147476292
2147483457
2147483457
2144472588
2147483457
2147476292
2147467594
2147483457
2147483457
2147483457
2147361509
2140056570
2147476292
2140237766
2147483457
2147483457
2147467594
2147483457
2147324765
2147476292
2146259885
2147274013
2116014559
2147476292
2147476292
2147483457
2147483457
2140210294
2147476292
2147483457
2147415691
2147476292
2147483457
2125308862
2147415691
2147476292
2147361509
2144231171
2147476292
2147483457
2147483457
2147483457
2147415691
2147476292
2147476292
2147361509
2147476292
2147483457
2147483457
2147483457
2147415691
2147483457
2147483457
2147109275
2147476292
2147483457
2147483457
2147467594
2147476292
2147476292
2147361509
2147476292
2147483457
2113920767
2147483457
2147476292
2140039152
2147466840
2146114202
2147476292
2147415691
2147415691
2147476292
2147483457
2146925071
2147274013
2147361509
2146066922
2145628081
2147415691
2140039152
2147483457
2147476292
2147476292
2047842625
2147476292
2147483457
2147415691
2147467594
2145112636
2147476292
2147476292
2147476292
2146860451
2147483457
2147476292
2147467594
2147476292
2147483457
2147483457
2147483457
2147268880
2147483457
2147476292
2147483457
2147483457
2147483457
2146375351
2147476292
2146114202
2145308792
2147467594
2147268880
2147415691
2147476292
2147467594
2145112636
2146860451
2147476292
2147467594
2144068008
2147483457
2147476292
2147467594
2147476292
2147109275
2147476292
2147467594
2147483457
2147483457
2147361509
2145912777
2134662085
2147415691
2147361509
2147415691
2146066922
2147476292
2147415691
2147467594
2147466840
2147483457
2146066922
2147476292
2147483457
2147483457
2147476292
2147483457
2147483457
2145644775
2147483457
2147483457
2147476292
2091244455
2147361509
2147361509
2147415691
2147483457
2147483457
2147483457
2146980859
2147483457
2147415691
2146980859
2147483457
2146980859
2146860451
2147483457
2146362847
2145912777
2147483457
2147268880
2144600998
2146648627
2147415691
2147476292
2147415691
2147476292
2147483457
2144068008
2145912777
2147476292
2147483457
2146026603
2117056164
2147483457
2147476292
2147476292
2147483457
2147476292
2147476292
2147467594
2147483457
2134662085
2147483457
2147466840
2147483457
2147483457
2147467594
2140039152
2145112636
2147476292
2146980859
2147332455
2147483457
2147483457
2147476292
2147483457
2147268880
2147476292
2147476292
2147415691
2147483457
2147476292
2118460598
2147483457
2147476292
2145912777
2147476292
2147483457
2147361509
2144068008
2146066922
2147476292
2147415691
2104767389
2147466840
2146259885
2147483457
2147483457
2147361509
2147332455
2147483457
2147415691
2147476292
2147467594
2147415691
2147483457
2147476292
2133552768
2147483457
2145308792
2144173143
2144173143
2147483457
2147415691
2147361509
2147483457
2147467594
2147483457
2147483457
2147483457
2146684232
2147476292
2147476292
2147466840
2147483457
2147415691
2147476292
2147483457
2147483457
2147483457
2134036429
2147476292
2140039152
2147483457
2147324765
2147483457
2147476292
2144927494
2147466840
2147483457
2147483457
2147483457
2147476292
2146925071
2147476292
2147476292
2147483457
2147483457
2147483457
2147324765
2147483457
2147415691
2145912777
2147476292
2147476292
2147483457
2147483457
2147483457
2146636344
2147467594
2147476292
2147483457
2147361509
2146980859
2147483457
2146066922
2147476292
2147483457
2147476292
2147483457
2147476292
2147483457
2147483457
2147476292
2147466840
2145912777
2147268880
2147415691
2147415691
2147361509
1325388782
2147483457
2147415691
2147483457
2133515288
2147476292
2140039152
2147476292
2147476292
2144173143
2147483457
2147483457
2140074373
2147483457
2147476292
2147483457
2147483457
2147476292
2147476292
2147483457
2146860451
2147476292
2147483457
2147467594
2147476292
2147467594
2147476292
2147476292
2144068008
2147476292
2146684232
2134036429
2147483457
2147483457
2147476292
2147483457
2147274013
2145628081
2147467594
2147467594
2147476292
2145644775
2146066922
2147483457
2147467594
2147483457
2147361509
2147476292
2147476292
2147476292
2147466840
2147476292
2147483457
2048251253
2147483457
2147467594
2147476292
2141014432
2147476292
2147467594
2147483457
2147467594
2147476292
2147476292
2147483457
2130751083
2134036429
2146375351
2147476292
2147476292
2147091547
2147483457
2147109275
2147483457
2147466840
2147476292
2147476292
2147476292
2147483457
2147361509
2147415691
2146980859
2147483457
2147483457
2147109275
2144927494
2147483457
2147467594
2147483457
2147476292
2147483457
2147476292
2146066922
2147476292
2147476292
2147483457
2147483457
2113827773
2147476292
2146860451
2147483457
2145454162
2147415691
2147476292
2147483457
2147483457
2147415691
2147476292
2147483457
2140105448
2147476292
2147361509
2147483457
2145912777
2140056570
2143078733
2146925071
2147476292
2147467594
2147476292
2147483457
2147476292
2147268880
2147483457
2087615402
2147483457
2147483457
2146636344
2146375351
2147483457
2145912777
2147483457
2147483457
2147483457
2147483457
2147476292
2129420988
2147476292
2147483457
2147483457
2147467594
2147483457
2147467594
2140056570
2146980859
2147483457
2147483457
2147483457
2147476292
2147476292
2147483457
2147483457
2147476292
2147483457
2146114202
2146980859
2147476292
2147476292
2090093761
2141493411
2147483457
2145308792
2147268880
2147483457
2145133463
2147483457
2147268880
2147476292
2147483457
2147476292
2147476292
2147483457
2147361509
2147483457
2147476292
2147483457
2134036429
2147006220
2146066922
2147415691
2147476292
2147091547
2147274013
2147483457
2147476292
2147467594
2147483457
2147476292
2147091547
2147467594
2146980859
2147467594
2144472588
2142443383
2147483457
2147467594
2147476292
2143998264
2147476292
2147467594
2113920767
2147483457
2147476292
2129007674
2147483457
2147483457
2147483457
2147467594
2147483457
2147483457
2147476292
2147467594
2147361509
2146066922
2147483457
2147361509
2147476292
2147079203
2147467594
2147476292
2147476292
2147483457
2147268880
2147274013
2147415691
2147483457
2145912777
2147483457
2126190522
2144600998
2147483457
2147476292
2147476292
2147476292
2147483457
2147476292
2147483457
2147483457
2147274013
2147483457
2147483457
2147467594
2147483457
2147483457
2147483457
2147476292
2147483457
2147483457
2147476292
2133552768
2147476292
2147476292
2147476292
2147467594
2147415691
2147467594
2147483457
2141493411
2147415691
2147467594
2147467594
2144472588
2147467594
2143998264
2147476292
2147483457
2147483457
2147415691
2147483457
2147467594
2147483457
2147483457
2147476292
2147483457
2147387554
2147483457
2147483457
2145628081
2147476292
2147466840
2147467594
2147476292
2147476292
2147467594
2147006220
2147476292
2147415691
2147483457
2147476292
2118827495
2146925071
2140056570
2147476292
2147415691
2147274013
2147483457
2147483457
2147015746
2147268880
2146114202
2147483457
2147483457
2147483457
2147467594
2147483457
2147476292
2005575457
2147483457
2147476292
2147483457
2147483457
2147476292
2147483457
2147476292
2134036429
2147467594
2147415691
2147476292
2147483457
2147483457
2147476292
2147476292
2147483457
2144472588
2147483457
2147483457
2147476292
2147483457
2147476292
2147483457
2147476292
2147483457
2146684232
2147483457
2145912777
2147476292
2146066922
2147476292
2147483457
2147483457
2147476292
2144472588
2147483457
2145912777
2147476292
2147476292
2147483457
2147476292
2147476292
2147483457
2147483457
2147415691
2147476292
2147476292
2147483457
2147476292
2147268880
2147483457
2145912777
2147483457
2146925071
2147483457
2145628081
2147483457
2147483457
2147483457
2147483457
2147476292
2147268880
2147483457
2147483457
2145628081
2147476292
2147476292
2145912777
2145912777
2146684232
2146684232
2147274013
2147467594
2147415691
2118460598
2147415691
2147476292
2147476292
2147476292
2147483457
2135336028
2147476292
2144600998
2147483457
2147483457
2147361509
2147415691
2147476292
2147476292
2147483457
2147467594
2147483457
2147415691
2147476292
2147476292
2147415691
2147476292
2147483457
2147476292
2147483457
2147483457
2146636344
2145912777
2147476292
2147476292
2146066922
2147483457
2147483457
2147483457
2132960894
2134036429
2147483457
2147467594
2147467594
2147476292
2147467594
2139085925
2147476292
2147476292
2146684232
2147467594
2147361509
2147476292
2145912777
2147467594
2147467594
2147483457
2147466840
2147483457
2143345540
2147483457
2147476292
2147483457
2147476292
2144970195
2147483457
2145112636
2112769789
2146925071
2147476292
2146684232
2147483457
2147483457
2147483457
2147483457
1440661362
2147476292
2137730444
2147476292
2147483457
2147476292
2147467594
2147476292
2147483457
2144600998
2147476292
2147467594
2147483457
2147483457
2147483457
2147476292
2147483457
2147476292
2147483457
2147211774
2012691339
2147476292
1068406889
2147483457
2147483457
2147466840
2147483457
2146648627
2146362847
2147483457
2147476292
2147483457
2147361509
2147483457
2147483457
2147415691
2147476292
2147476292
2143470091
2147483457
2147483457
2147467594
2147467594
2147415691
2147476292
2147483457
2146980859
2147483457
2146925071
2147466840
2147483457
2147361509
2147476292
2147483457
2147415691
2147483457
2147268880
2147483457
2147467594
2145644775
2147483457
2147476292
2145912777
2146860451
2147476292
2147483457
2147483457
2147361509
2147476292
2147476292
2147483457
2147483457
2145644775
2147476292
2147483457
2147483457
2147476292
2147483457
2147476292
2147476292
2142443383
2146066922
2147483457
2147483457
2147483457
2147109275
2146362847
2011431460
2147483457
2147483457
2147483457
2147476292
2147483457
2135642875
2147476292
2147476292
2147483457
2147483457
2146630115
2147483457
2147476292
2146925071
2147274013
2147476292
2147467594
2147483457
2147483457
2147483457
2147483457
2141493411
2103912952
2147483457
2147467594
2147324765
2147466840
2147476292
2147483457
2147476292
2147268880
2147361509
2147483457
2147476292
2147483457
980156602
2147483457
2136470849
2147109275
2147483457
2147467594
2147483457
2147268880
2147483457
2145644775
2143998264
2147476292
2147483457
2147006220
2147483457
2147467594
2147476292
2147476292
2147483457
2147476292
2147483457
2146684232
2147467594
2147109275
2147483457
2147476292
2147476292
2147476292
2115385072
2147476292
2147483457
2147476292
2147483457
2135642875
2147483457
2147274013
2147483457
2147483457
2147483457
2147483457
2147476292
2133998867
2147361509
2147467594
2096024659
2147483457
2146980859
2147467594
2147467594
2138283237
2147476292
2140774345
2147476292
2147467594
2147476292
2147476292
2145628081
2146980859
2147476292
2147483457
2142443383
2147415691
2147476292
2147476292
2147476292
2141159173
2147483457
2147483457
2147483457
2146684232
2145308792
2147139302
2146066922
2114330918
2147361509
2147483457
2147483457
2147476292
2147467594
2147483457
2147415691
2147467594
2147476292
2147467594
2147361509
2147476292
2133998867
2147483457
2147483457
2147467594
2147483457
2147415691
2147483457
2147091547
2145912777
2147274013
2144600998
2147361509
2147483457
2147483457
2147483457
2147466840
2147476292
2147476292
2147476292
2147483457
2147483457
2147483457
2144472588
2147467594
2147467594
2147467594
2147483457
2147476292
2145644775
2147476292
2147483457
2147476292
2147483457
2146925071
2146114202
2147483457
2147483457
2147483457
2145628081
2147467594
2147483457
2147483457
2147483457
2136470849
2147476292
2147483457
2147483457
2147476292
2081615488
2147415691
2147483457
2114841163
2147483457
2147483457
2147467594
2145308792
2147483457
2147467594
2147332455
2147091547
2147483457
2147268880
2147483457
2147483457
2147476292
2147268880
1935628626
2147483457
2141415179
2147415691
2147483457
2147476292
2147467594
2147467594
2147415691
2147476292
2147476292
2147476292
2145112636
2147483457
2145628081
2147483457
2147483457
2144472588
2147268880
2145912777
2147483457
2147476292
2147476292
2147476292
2147483457
2146114202
2147476292
2147483457
2147483457
2147483457
2147483457
2147483457
2147483457
2146684232
2141415179
2147483457
2147332455
2147467594
2145912777
2147476292
2147361509
2144472588
2147483457
2147476292
2147476292
2147268880
2147483457
2147467594
2147483457
2147476292
2147274013
2147467594
2147415691
2147483457
2147476292
2147483457
2147483457
2146925071
2147476292
2103912952
2147467594
2147476292
2139081782
2145112636
2147483457
2147483457
2147483457
2147467594
2143345540
2144068008
2147483457
2147476292
2147361509
2147476292
2147483457
2147483457
2147483457
2147268880
2147483457
2147476292
2147476292
2113920767
2147415691
2147483457
2145628081
2140039152
2147476292
2147476292
2147483457
2147476292
2147467594
2147483457
2145644775
2147483457
2147467594
2147476292
2147476292
2147483457
2147483457
2146026603
2146114202
2147466840
2147476292
2147006220
2147483457
2145912777
2146980859
2147483457
2147483457
2147483457
2146980859
2147483457
2147466840
2116014559
2090978569
2144068008
2147483457
2146684232
2147483457
2147483457
2146980859
2147476292
2147483457
2147483457
2147483457
2147483457
2146860451
2147415691
2144068008
2147467594
2147467594
2145112636
2147274013
2147483457
2147467594
2146980859
2147483457
2147476292
2147361509
2147483457
2147483457
2147211774
2147361509
2132629784
2147476292
2147476292
2147361509
2147476292
2105180020
2147476292
2147476292
2145912777
2147415691
2147476292
2147483457
2147274013
2147476292
2146684232
2146980859
2147467594
2147476292
2138024056
2147476292
2147476292
2147476292
2147476292
2147015746
2146980859
2147483457
2147476292
2147483457
2147476292
2147476292
2147467594
2147483457
2147467594
2147415691
2147268880
2147476292
2147015746
2147466840
2146684232
2147483457
2147483457
2147467594
2147483457
2147483457
2147476292
2147476292
2147476292
2147361509
2146636344
2147139302
2147476292
2145912777
2147476292
2147483457
2147483457
2147467594
2147467594
2147483457
2147467594
2147476292
2147483457
2147483457
2144927494
2147211774
2147274013
2147483457
2147483457
2147476292
2147483457
2147483457
2147483457
2146925071
2147483457
2147483457
1827723039
2144600998
2147476292
2111449018
2145112636
2147476292
2147476292
2147415691
2147467594
2147483457
2147483457
2146821836
2147483457
2147483457
2147415691
2147476292
2147332455
2147483457
2147483457
2147476292
2147483457
2147483457
2147466840
2147483457
2147467594
2147467594
2147483457
2147483457
2147361509
2147476292
2142818841
2147476292
2146114202
2147476292
2147476292
2147476292
2147483457
2147476292
2147483457
2147483457
2147483457
2145912777
2146636344
2147483457
2147483457
2147476292
2147476292
2147476292
2147257143
2147483457
2147483457
2147483457
2144068008
2147476292
2147476292
2147476292
2147274013
2147483457
2147476292
2147483457
2145308792
2147483457
2147483457
2147467594
2147257143
2145454162
2147361509
2031463669
2147415691
2147483457
2147415691
2146684232
2147483457
2147483457
2147483457
2147476292
2147476292
2147476292
2147483457
2146636344
2147483457
2146684232
2147483457
2147415691
2147483457
2128797475
2145912777
2147467594
2147476292
1705467115
2147467594
2147476292
2147483457
2147476292
2146026603
2142150424
2147476292
2147483457
2147476292
2146630115
2145628081
2146684232
2147476292
2147483457
2140039152
2138024056
2147483457
2146066922
2147476292
2147483457
2145308792
2147415691
2147483457
2147483457
2147476292
2147476292
2145912777
2147476292
2147476292
2147483457
2147476292
2147483457
2147361509
2146860451
2129837031
2147476292
2147268880
2147483457
2147483457
2147476292
2139081782
2147476292
2147476292
2147476292
2147476292
2147415691
2147483457
2147476292
2147467594
2147483457
2147483457
2017561457
2147476292
2118256124
2147483457
2147476292
2140210294
2147483457
2147483457
2147483457
2147483457
2147415691
2147483457
2147483457
2147476292
2044804873
2145308792
2147483457
2147476292
2147361509
2147274013
2147466840
2147476292
2146684232
2147483457
2147415691
2147091547
2147483457
2141415179
2146066922
2147483457
2147483457
2147476292
2147483457
2147483457
2147476292
2147483457
2147415691
1866416305
2146684232
2146636344
2145912777
2146066922
2147467594
2147483457
2147476292
2147483457
2147476292
2147476292
2147476292
2147483457
2147476292
2147467594
2147274013
2147483457
2147483457
2147483457
2147483457
2146980859
2147483457
2147483457
2147476292
370690957
2147476292
2147476292
2144472588
2147483457
2147483457
2147483457
2145912777
2147467594
2147476292
2147483457
2145912777
2147483457
2147483457
2147211774
2147476292
2147109275
2147483457
2147476292
2147476292
2147476292
1862543701
2147268880
2147476292
2143513734
2147476292
2147476292
2147476292
2147476292
2147483457
2147476292
2144600998
2147476292
2147476292
2147483457
2147476292
2147415691
2147109275
2140237766
2147476292
2147476292
2147467594
2147476292
2147483457
362928735
2147467594
2146114202
2147467594
2147476292
2147476292
2147476292
2147415691
2140039152
2147476292
2147467594
2147483457
2147483457
2147483457
2147476292
2147467594
2147476292
2147483457
2147476292
2147483457
2147483457
2147483457
2147415691
2147483457
2147476292
2147467594
2147483457
2147467594
2147483457
2147483457
2147483457
2147483457
2147467594
2147476292
2147476292
2147483457
2147476292
2144513363
2147476292
2147476292
2147467594
2147476292
2147483457
2147483457
2147483457
2147483457
2147483457
2147415691
2147476292
2147476292
2147476292
2145628081
2147476292
2147476292
2147476292
2147483457
2147476292
2146557989
2147476292
2147483457
2147483457
2146980859
2147483457
2147467594
2147483457
2147483457
2147415691
2145308792
2147467594
2044706387
2140039152
2147476292
2147476292
2147109275
2147476292
2147483457
2147476292
2147466840
2147476292
2147415691
2147415691
2145912777
2147476292
2145912777
2147476292
2141390643
2146980859
2147483457
2147483457
2147476292
2146114202
2147483457
2118256124
2147268880
2147476292
2145912777
2147467594
2145912777
2146636344
2147483457
2147476292
2147476292
2147483457
2147483457
2147476292
2147483457
2129837031
2147476292
2146114202
663456240
2118827495
2147361509
2147361509
2147467594
2147483457
2087615402
2147483457
2024839319
2147483457
2147476292
2144970195
2147467594
2147483457
2147483457
2147483457
2145112636
2147483457
2147476292
2144970195
2144068008
2147476292
2147467594
2147415691
2147483457
2147211774
2147415691
2147483457
2135016330
2147476292
2147415691
2145912777
2147483457
2147476292
2144472588
2147476292
2147476292
2147467594
2147483457
2124154097
2147476292
2147483457
2147467594
2147476292
2146980859
2147476292
2147483457
2147476292
2147415691
2147476292
2147476292
2146648627
2146684232
2147483457
2147476292
2143345540
2147109275
2147476292
2147483457
2147476292
2147476292
2147483457
2147483457
2147483457
2147483457
1736390131
2117056164
2147483457
2140039152
2147467594
2147476292
2147483457
2147483457
2142621142
2146636344
2147483457
2147483457
2146684232
2147483457
2140210294
2147483457
2147476292
2147483457
2147483457
2147483457
2144068008
2131311991
2146066922
2147483457
2140460561
2147415691
2147476292
2147483457
2147483457
2147476292
2147476292
2147483457
2144173143
2147476292
2147476292
2147415691
2147483457
2147483457
2147476292
2147361509
2147483457
2147415691
2147274013
1006470400
2147476292
2147476292
2146636344
2147466840
2147079203
2145912777
2147476292
2147483457
2147467594
2147483457
2147476292
2147415691
2147483457
2147467594
2147476292
2147483457
2147483457
2145912777
2145308792
2147483457
2147483457
2147476292
2145628081
2144068008
2147483457
2147006220
2147483457
2147476292
2147268880
2147467594
2147476292
2147483457
2147415691
2147476292
2147467594
2147483457
2147476292
2147483457
2147483457
2147483457
2147483457
2147483457
2147483457
2147483457
2147483457
2147476292
2147476292
2147467594
2144068008
2146026603
2078985858
2147476292
2147483457
2147483457
2147467594
2147268880
2147467594
2147476292
2147483457
2147476292
2147483457
2147483457
2129837031
2145112636
2147467594
2142150424
2147483457
2143083839
1887974585
2147361509
2147483457
2147483457
2147476292
2147476292
2147268880
2141014432
2147483457
2129382821
2147268880
2139085925
2147415691
2147415691
2146648627
2145912777
2147476292
2147467594
2145628081
2147467594
2147476292
2147476292
2147476292
2147476292
2147476292
1843770651
2146684232
2147476292
2147483457
2147483457
2147483457
2141415179
2147483457
2147476292
2147476292
2146821836
2147483457
2146636344
2147361509
2140019183
2147476292
2144927494
2147483457
2144472588
2146980859
2147483457
2147476292
2141415179
2146684232
2147483457
2147476292
2133552768
2147467594
2147415691
2147483457
2147483457
2144970195
2147476292
2147476292
2147483457
2147476292
2147483457
2147476292
2147467594
2147483457
2147476292
2147483457
2147415691
2147483457
2147483457
2147483457
2147361509
2147476292
2140039152
2147483457
2147483457
2147483457
2147476292
2147483457
2147483457
2147476292
2145133463
2147361509
2147483457
2147466840
2147476292
2147415691
2146821836
2147483457
2147361509
2146980859
2147476292
2147483457
2147476292
2147415691
2147476292
2146630115
2024839319
2147476292
2147483457
2147476292
2098071892
2145912777
2147476292
2146860451
2147483457
2147467594
2147476292
2147476292
2147476292
2145112636
2147483457
2147476292
2147476292
2147467594
2147467594
2147476292
2147476292
2147476292
2147332455
2147476292
2147483457
2145644775
2147476292
2147483457
2147361509
2146860451
1889799046
2147476292
2147483457
2147211774
2147476292
2147415691
2147483457
2146362847
2147483457
2147467594
2147483457
2147467594
2147483457
2147483457
2147257143
2147476292
2146684232
2146980859
2147483457
2113599310
2147483457
2147268880
2147476292
2147476292
2147483457
2147476292
2147476292
2141415179
2140774345
2147268880
2147483457
2147483457
2147476292
2147467594
2145628081
2147483457
2147091547
2147483457
2141493411
2147274013
2147467594
2147483457
2147476292
2131567181
2147139302
2147467594
2140774345
2147467594
2147476292
2147483457
2147476292
2147415691
2147476292
2147257143
2145308792
2147476292
2147483457
2147006220
2147483457
2147476292
2147476292
2147091547
2147332455
2125388785
2147476292
2147476292
2147476292
2147361509
2053810810
2147476292
2147467594
2147483457
2147476292
2147483457
2147415691
2080235882
2147467594
2138283237
2147483457
2147483457
2147476292
2147466840
2147476292
2147467594
2147415691
2147006220
2147476292
2147483457
2147467594
2147483457
2147476292
2147476292
2147415691
2147476292
2147476292
2147476292
2147476292
2147483457
2147476292
2054650389
2147476292
2147483457
2147483457
2147483457
2147476292
2147476292
2147483457
2086526650
2147476292
2146375351
2145628081
2147483457
2144970195
2147483457
2147483457
2145912777
2123333940
2147361509
2147476292
2147483457
2147211774
2147483457
2147483457
2011431460
2147483457
2127743314
2147476292
2147476292
2145912777
2147483457
2147268880
2147109275
2147483457
2147483457
2147483457
2147483457
2147476292
2147483457
2147476292
2134036429
2147483457
2147483457
2147476292
2103912952
2147483457
2147483457
2147324765
2147467594
2122890140
2147483457
2147476292
2147476292
2147476292
2147483457
2142621142
2147476292
2147483457
2147476292
2129382821
2147476292
2147476292
2145912777
2147483457
2147483457
2126919052
2147476292
2134036429
2147476292
2147415691
2146925071
2147476292
2144600998
2147387554
2147476292
2147483457
2147476292
2147476292
2147483457
2097156996
2147476292
2146684232
2147483457
2147476292
2147476292
2147483457
2147476292
2147476292
2147476292
2147476292
2147109275
2147476292
2147476292
2147483457
2147476292
2147483457
2147483457
2147476292
2130751083
2147483457
2147483457
2147476292
2144513363
2146636344
2147109275
2104296053
2147476292
2147483457
2146980859
2147476292
2146630115
2147268880
2147476292
1821571004
2147483457
2147268880
2147476292
2147476292
2147361509
2147483457
2147415691
2147476292
2147483457
2147476292
2147268880
2147467594
2147476292
2147483457
2147483457
2147476292
2147483457
2144600998
2147483457
2147476292
2147268880
2145112636
2147483457
2147476292
2147476292
2147483457
2146821836
2127179505
2147483457
2143078733
2147476292
2147476292
2077535239
2105648794
2147476292
2147483457
2146980859
2147483457
2147483457
2147415691
2147483457
2140056570
2147361509
2145912777
2147476292
2147415691
2147476292
2147476292
2147483457
2147467594
2147268880
2147415691
2147476292
2147483457
2147483457
2147483457
2147476292
2147476292
2145133463
2147091547
2147483457
2147274013
2147476292
2146114202
2147476292
2098565242
2147476292
2147483457
2144068008
2147483457
2147483457
2147483457
2147476292
2147483457
2147476292
2146980859
2147091547
2147483457
2147476292
2147332455
2147476292
2147268880
2147483457
2147415691
2147483457
2147476292
2094184533
2147476292
2147476292
2147387554
2147483457
2145133463
2147476292
2118827495
2147467594
2147483457
2147415691
2147483457
2147268880
839918950
2147476292
2146636344
2146066922
2147483457
2147476292
2146925071
2146630115
2147483457
2147476292
2147483457
2103912952
2117056164
2147483457
2146066922
2147476292
2147483457
2147476292
2147476292
2140074373
2147476292
2147476292
2147091547
2147476292
2146066922
2147483457
2146980859
2147483457
2147483457
2147483457
2147483457
2147467594
2114841163
2147476292
2147467594
2116014559
2147467594
2147361509
2134036429
2140210294
2147483457
2147268880
2146066922
2147476292
2147476292
2147483457
2147476292
2047842625
2140774345
2147476292
2147483457
2147476292
2147483457
2147139302
2147268880
2147483457
2145628081
2147415691
2147483457
2147483457
2147467594
2147476292
2073700973
2147483457
2147483457
2147476292
2147476292
2146636344
2147415691
2145354246
2147483457
2147476292
2139249324
2147476292
2147476292
2147483457
2147483457
2147467594
2147483457
2140019183
2147483457
2147476292
2147483457
2147467594
2147483457
2140039152
2147476292
2147324765
2147361509
2127319051
2147476292
2147415691
2147483457
2124154097
2147483457
2147483457
2145912777
2147483457
2073317048
2147483457
2147483457
2147476292
2147476292
2143513734
2144068008
2147415691
2105648794
2147476292
2147415691
2146684232
2147467594
2144927494
2147467594
2147476292
2146362847
2147483457
2147476292
2147467594
2147476292
2147476292
2147467594
2147467594
2147483457
2147467594
2147415691
2147476292
2147476292
2147476292
2147091547
2147467594
2147476292
2127319051
2147476292
2147476292
2147467594
2118827495
2147467594
2139085925
2147476292
2147483457
2147467594
2147483457
2147476292
2147361509
2147476292
2147483457
2145628081
2146925071
2147476292
2147268880
2147476292
2147483457
1766035461
2147483457
2147476292
2042572860
2147467594
2147476292
2147476292
2147483457
2147476292
2147483457
2147476292
2147109275
2147483457
2147476292
2147467594
2147476292
2147483457
2147467594
2147483457
2141415179
2147483457
2147361509
2147476292
2147483457
2147109275
2147476292
2147483457
2147476292
2147467594
2147483457
2144472588
2147476292
2147476292
2147476292
2147483457
2147361509
2147483457
2147483457
2147476292
2147476292
2145112636
2133998867
2147476292
2147476292
2147483457
2140039152
2147268880
2146684232
2147483457
2147483457
2147415691
2147483457
2147476292
2147476292
2140237766
2147476292
2146066922
2147483457
2147483457
2146684232
2147483457
2144472588
2147415691
2147483457
2147483457
2147483457
2114841163
2147476292
2145644775
2104637458
2147476292
2147483457
2146066922
2147476292
2147483457
2147483457
2147476292
1814720992
2077839575
2147476292
2147476292
2147476292
2147268880
2145912777
2147467594
2147483457
2147483457
2147361509
2147332455
2147483457
2147476292
2147466840
2147274013
2147476292
2147467594
2147476292
2147476292
2147483457
2147361509
2147476292
2147483457
2147476292
2147415691
2146980859
2147274013
2143345540
2147467594
2146980859
2147361509
2146980859
2145912777
2147415691
2147476292
2147476292
2147476292
2147476292
2147467594
2147476292
2145308792
2147467594
2147483457
2147483457
2145912777
2147476292
2147483457
2147476292
2146925071
2147483457
2146860451
2147483457
2031922439
2147476292
2147483457
2147483457
2147361509
2147476292
2147483457
2147109275
2147415691
2147467594
2147476292
2146066922
2147483457
2147476292
2147476292
2147476292
2147483457
2146114202
2128380788
2145912777
2147268880
2147476292
2146860451
2147483457
2147483457
2147483457
2147483457
2147466840
2147476292
2147467594
2147483457
2147476292
2147483457
2147483457
2145912777
2147476292
2147483457
2144513363
2145912777
2147467594
2147361509
2144600998
2147476292
2147476292
2146066922
2138024056
2147139302
2147476292
2147483457
2131567181
2147483457
2147483457
2147415691
2147483457
2135336028
2147483457
2144513363
2147476292
1711142417
2147476292
2056563965
2147476292
2147476292
2147476292
2147483457
2147483457
2147483457
2145912777
2147483457
2147476292
2147476292
2147476292
2147483457
2147467594
2147476292
2146066922
2147483457
2147467594
2147483457
2147361509
2147483457
2145308792
2147483457
2146648627
2147415691
2147483457
2145912777
2147483457
2147415691
2147415691
2147091547
2147483457
2147483457
2147483457
2147483457
2147476292
2147483457
2108504094
2146362847
2147257143
2147483457
2147483457
2145912777
2147483457
2147476292
2147476292
2147467594
2147483457
2145112636
2147483457
2147483457
2147476292
2147483457
2147476292
2147476292
2147476292
2147476292
2147476292
2147483457
2147483457
2147415691
2147483457
2147466840
2147476292
2147476292
2147476292
2147483457
2144600998
2147483457
2146066922
2147415691
2147483457
2147483457
2147483457
2140934403
2146114202
2147467594
1953214309
2147476292
2147415691
2147483457
2147476292
2147476292
2147387554
2147476292
2145628081
2147476292
2147476292
2147361509
2146066922
2147476292
2147109275
2143345540
2147483457
2147467594
2147466840
2146362847
2145133463
2147476292
2147274013
2147483457
2147476292
2147483457
2145912777
2147476292
2147476292
2147476292
2147483457
2144068008
2147483457
2146066922
2147483457
2147274013
2147483457
2147476292
2134510541
2129837031
2146980859
2147483457
2144068008
2147476292
2147476292
2147467594
2147483457
2124705446
2147476292
2147483457
2147361509
2147483457
2146066922
2147361509
2147361509
2147483457
2147268880
2147476292
2147476292
2147476292
2147415691
2147476292
2147476292
2147483457
2147361509
2127594891
2147483457
2147483457
2147483457
2147476292
2147268880
2145133463
2147476292
2147483457
2147274013
2147483457
2146684232
2147476292
2147483457
2147483457
2147361509
2147476292
2073700973
2100954729
2147361509
2147466840
2147476292
2147483457
2147476292
2147467594
2146980859
2147476292
2146684232
2145912777
2126190522
2147483457
2147483457
2147483457
2147476292
2147476292
2127488441
2147483457
2147476292
2146066922
2125388785
2147483457
2147476292
2145133463
2147476292
2147476292
2147324765
2140074373
2053383602
2133552768
2147476292
2147476292
2147483457
2147476292
2147467594
2147476292
2147483457
2147483457
2147467594
2147467594
2147467594
2147483457
2132367223
2147476292
2147467594
2140019183
2147466840
2147006220
2147476292
2147476292
2147483457
2147467594
2147483457
2147476292
2147476292
2147483457
2147483457
2146636344
2147483457
2147483457
2147274013
2147476292
2147483457
2147476292
2147483457
2147476292
2147483457
2147415691
2147476292
2145644775
2147332455
2147483457
419740262
2147483457
2147483457
2147361509
2147483457
2147476292
2147483457
2147257143
2147483457
2147483457
2147483457
2147268880
2147476292
2147268880
2146648627
2147483457
2147211774
2147483457
2146362847
2147415691
2147483457
2147361509
2147483457
2145912777
2146980859
2147483457
2147476292
2147483457
2146114202
2147483457
2147476292
2147476292
2147483457
2147476292
2147476292
2147467594
2147476292
2145112636
2147466840
2147483457
2147467594
2147268880
2147476292
2147483457
2147274013
2147387554
2145644775
2147476292
2147467594
2144970195
2147483457
1610867223
2147415691
2147483457
2147467594
2147483457
2147483457
2147476292
2147467594
2147483457
2147483457
2147476292
2147476292
2147476292
2147483457
2147467594
2147483457
2147476292
2147483457
2147361509
2147483457
2129837031
2147476292
2145912777
2147415691
2147483457
2146925071
2098071892
2147483457
2147332455
2147476292
2147139302
2147268880
2147476292
2146684232
2147466840
2147476292
2147476292
2147415691
2147476292
2144927494
2147332455
2147415691
2147476292
2147483457
2147467594
2143513734
2147476292
2147476292
2147476292
2147476292
2144472588
2147476292
2147476292
2147476292
2147476292
2147483457
2147483457
2147476292
2099756139
2147483457
2144600998
2147483457
2147483457
2147415691
2147476292
2147483457
2147091547
2147476292
2147476292
2146630115
2145221406
2146648627
2147476292
2147091547
2147476292
2147476292
2147476292
2147483457
2147483457
2147483457
2147483457
2146860451
2146066922
2147483457
2147476292
2146066922
2146684232
2147476292
2147476292
2147483457
2147257143
2147483457
2147483457
2147483457
2147268880
2147268880
2147483457
2147361509
2147483457
2147361509
2147483457
2147483457
2147483457
2147476292
2147476292
2147467594
2147415691
2141415179
2083881668
2147483457
2147467594
2146980859
2147476292
2147483457
2145112636
2147476292
2147476292
2147476292
2147476292
2147476292
2147483457
2146980859
2147483457
2147483457
2147483457
2147476292
2147361509
2147483457
2147476292
2147483457
2147361509
2147109275
2147415691
2147483457
2147476292
2146980859
2147483457
2147483457
2146684232
2147476292
2147324765
2145644775
2147268880
2147476292
2147274013
2147274013
2147476292
2147466840
2147483457
2147476292
2147483457
2147483457
2147467594
2147476292
2147415691
2147476292
2147483457
2147467594
2147476292
2144472588
2146980859
2144068008
2128797475
2147483457
2147483457
2145112636
2147476292
2114330918
2147483457
2147483457
2147467594
2145912777
2147476292
2145112636
2147361509
2147483457
2147483457
2146066922
2145912777
2147483457
2147467594
2147476292
2147483457
2147476292
2147483457
2147483457
2147476292
2147483457
2147467594
2147483457
2147483457
2147415691
2147467594
2147467594
2147476292
2147467594
2147483457
2147476292
2147476292
2147476292
2147476292
2147476292
2141415179
2147483457
2147332455
2147476292
2140019183
2147361509
2147476292
2147467594
2147467594
2147467594
2147467594
2147483457
2147476292
2145644775
2110961000
2147483457
2147466840
2147483457
2147483457
2145628081
2145133463
2125388785
2147483457
2147483457
2147476292
2105648794
2147483457
2147467594
2147415691
2147483457
2131311991
2141415179
2113827773
2147467594
2147361509
2147415691
2147483457
2145454162
2147476292
2147483457
2147476292
2147483457
2147483457
2147476292
1938188424
2147415691
2147483457
2147467594
2147483457
2147483457
2147483457
2147476292
2147476292
2147268880
2147268880
2147476292
2147415691
2147476292
2147415691
2147483457
2147476292
2147467594
2147483457
2139085925
2147483457
2147476292
2147483457
2147476292
2144472588
2147483457
2145912777
2147483457
2147476292
2147109275
2147467594
2147476292
2147483457
2147476292
2147483457
2147476292
2147483457
2147415691
2147483457
2147476292
2147476292
2115385072
2147483457
2147476292
2147466840
2147483457
2129837031
2147476292
2147483457
2147483457
2147467594
2147476292
2147483457
2147274013
2147467594
2147483457
2147483457
2147483457
2147268880
2147483457
2147483457
2142443383
2147483457
2147476292
2146925071
2147483457
2147476292
2147274013
2147415691
2146925071
2147483457
2147483457
2145912777
2147467594
2147476292
2145912777
2147483457
2147476292
2147476292
2147361509
2147483457
2147467594
2147483457
2147483457
2147109275
2147332455
2147268880
2147476292
2147476292
2147483457
2147483457
2147483457
2100121716
2147476292
2147483457
2147483457
2146980859
2147476292
2147415691
2147483457
2147467594
2147483457
2147268880
2147483457
2147467594
2141493411
2147268880
2147361509
2147483457
2147361509
2133998867
2147483457
2147466840
2147483457
2147483457
2147268880
2080235882
2147476292
2147415691
2147415691
2091244455
2147483457
2147415691
2147483457
2147361509
2147483457
2147415691
2147476292
2147467594
2147476292
2105180020
2147483457
2147476292
2145354246
2147476292
2147483457
2147476292
2145112636
2145628081
2145912777
2147467594
2147476292
2147006220
2147483457
2147467594
2144600998
2145912777
2146066922
2147483457
2147483457
2147483457
2147476292
2147466840
2147483457
2147415691
2147415691
2147415691
2147476292
2146066922
2147483457
2147476292
2147483457
2147476292
2147476292
2147268880
2147467594
2147483457
2147467594
2146362847
2147467594
2147483457
2147483457
2113920767
2147415691
2147483457
2147257143
2147483457
2147483457
2147476292
2147332455
2147483457
2147483457
2147476292
2147476292
2147483457
2146066922
2147483457
2147476292
2147476292
2147483457
2147483457
2147476292
2147483457
2147483457
2147483457
2147476292
2147361509
2147332455
2147476292
2147476292
2147476292
2147483457
2147476292
2147483457
2147476292
2146026603
2147476292
2145912777
2147476292
2147483457
2147483457
2147211774
2147476292
2144600998
2134712157
2147483457
2147467594
2146925071
2147483457
2147415691
2147467594
2147483457
2147476292
2147466840
2147483457
2143078733
2147361509
2147483457
2146980859
1665160007
2142443383
2147467594
2147483457
2147415691
2147476292
2147483457
2147467594
2147483457
2147476292
2147415691
2146980859
2147476292
2127274323
2147476292
2147332455
2147332455
2147415691
2147415691
2147415691
2147476292
2147476292
2147483457
2147467594
2146925071
2118827495
2147476292
2146860451
2147483457
2147467594
2147079203
2147483457
2147476292
2147476292
2136470849
2140774345
2147483457
2147483457
2147476292
1599076786
2147476292
2147467594
2147476292
2147483457
2122460335
2147483457
2147483457
2147476292
2147268880
1766035461
2147476292
2147476292
2147467594
2147476292
2147476292
2147483457
2147483457
2147476292
2140774345
2147483457
2147483457
2147476292
2147476292
2147467594
2147483457
2147476292
2147476292
2147268880
2147467594
2146980859
2147476292
2146925071
2147476292
2141014432
2147467594
2147483457
2146066922
2147415691
2147476292
2147467594
2147415691
2147467594
2147476292
2147415691
2147483457
2147483457
2147476292
2146066922
2147274013
2147361509
2145308792
2147091547
2145308792
2147483457
2147483457
2147476292
2146860451
2147387554
2147483457
2147483457
2147415691
1732907952
2145133463
2147483457
2147483457
2146980859
2146630115
2050336562
2147109275
2147476292
2147483457
2147483457
2147476292
2147476292
2147483457
2147476292
2146066922
2147483457
2147476292
2147467594
2146648627
2147483457
2147483457
2145628081
2147483457
2140210294
2140774345
2147476292
2147476292
2147476292
2147483457
2147483457
2147476292
2147476292
2147091547
2147415691
2144927494
2147415691
2147483457
2146860451
2147476292
2145644775
2147476292
2146925071
2144068008
2147476292
2147476292
2147483457
2147483457
2145112636
2146860451
2147268880
2147483457
2147483457
2147483457
2147361509
2147483457
2147476292
2147483457
2147415691
2147483457
2147476292
2146980859
2147476292
2147483457
2147483457
2147415691
2147483457
2147476292
2146066922
2147467594
2147483457
2147483457
2147467594
2147415691
2147467594
2147476292
2147476292
2147483457
2147483457
2144927494
2145133463
2147109275
2147483457
2147415691
2147476292
2147483457
2147476292
2147483457
2124996057
2147476292
2147483457
2146925071
2145912777
2147476292
2147483457
2091844501
2147467594
2147483457
2147257143
2147476292
2140934403
2147483457
2145912777
2147211774
2147476292
2104296053
2145912777
2147467594
2147476292
2147476292
2147483457
2147476292
2147476292
2147476292
2146362847
2147476292
2145454162
2144173143
2147476292
2145628081
2147415691
2147361509
2147257143
2147483457
2147483457
2147483457
2147483457
2144173143
2147467594
2147483457
2147476292
2147476292
2147466840
2147476292
2130751083
2147476292
2147467594
2147476292
2147476292
2147476292
2147483457
2147467594
2147415691
2147476292
2147476292
2143345540
2147483457
2147467594
2147483457
2147483457
2147476292
2147483457
2147476292
2147483457
2083881668
2147483457
2147483457
2145912777
2147483457
2147467594
2145628081
1973628693
2147415691
2147476292
2147476292
2147476292
2147476292
2147476292
2147483457
2145628081
2147467594
2147476292
2147483457
2147467594
2147467594
2147483457
2147476292
2147415691
2147483457
2147466840
2147476292
2147476292
2147476292
2147467594
2145912777
2147476292
2140056570
2147476292
2147274013
2147483457
2146980859
2144472588
2147483457
2146630115
2146684232
2147476292
2147467594
2147268880
2144472588
2147483457
2147476292
2145912777
2140774345
2147476292
2147476292
2147476292
2147483457
2147467594
2145912777
2147483457
2147467594
2147467594
2147483457
2144231171
2147476292
2147483457
2145912777
2147483457
2143345540
2147476292
2147483457
2144472588
2147483457
2147476292
2147467594
2134510541
2147476292
2146066922
2147476292
2147476292
2147415691
2125388785
2124154097
2147476292
2147268880
2147476292
2147476292
2147476292
2147467594
2147476292
2147483457
2147467594
2073317048
2147415691
2147476292
2147476292
2147476292
